2021-04-02 18:43:02,481 FATAL c.e.j.m.Main [main] cannot create from file CustomArray
2021-04-02 18:43:27,300 FATAL c.e.j.m.Main [main] cannot create from file CustomArray
2021-04-02 18:43:49,033 FATAL c.e.j.m.Main [main] cannot create from file CustomArray
2021-04-02 18:44:57,184 INFO c.e.j.m.Main [main]  data: [2, 34, 54, 65, 768, 23, -4, 35, 45, 48, 88]
2021-04-02 18:46:51,611 INFO c.e.j.m.Main [main]  data: [2, 34, 54, 65, 768, 23, -4, 35, 45, 48, 88]
2021-04-02 18:47:47,393 INFO c.e.j.s.i.CalculationServiceImpl [main] func average with obj:  data: [1, 6, 11, 4]
2021-04-02 18:47:47,433 INFO c.e.j.s.i.CalculationServiceImpl [main] func average with obj:  data: [5, 0, 4, 5]
2021-04-02 18:47:47,439 INFO c.e.j.s.i.CalculationServiceImpl [main] func average with obj:  data: [2, -6, 65, 5]
2021-04-02 18:47:47,443 INFO c.e.j.s.i.CalculationServiceImpl [main] func average with obj:  data: [2, -50, 10, 5]
2021-04-02 18:47:47,446 INFO c.e.j.s.i.CalculationServiceImpl [main] func average with obj:  data: [5, 44, 7, 5]
2021-04-02 18:47:47,449 INFO c.e.j.s.i.CalculationServiceImpl [main] func average with obj:  data: [2, 3, -44, 5]
2021-04-02 18:47:47,455 INFO c.e.j.s.i.CalculationServiceImpl [main] func average with obj:  data: [2, 48, 8, -6]
2021-04-02 18:47:47,459 INFO c.e.j.s.i.CalculationServiceImpl [main] func average with obj:  data: [2, 3, 15, 5]
2021-04-02 18:47:47,462 INFO c.e.j.s.i.CalculationServiceImpl [main] func average with obj:  data: [2, -2, 10, 5]
2021-04-02 18:47:47,465 INFO c.e.j.s.i.CalculationServiceImpl [main] func average with obj:  data: [15, 3, -50, 5]
2021-04-02 18:47:47,468 INFO c.e.j.s.i.CalculationServiceImpl [main] func average with obj:  data: [1, 6, 11, 4]
2021-04-02 18:47:47,470 INFO c.e.j.s.i.CalculationServiceImpl [main] func sum with obj:  data: [1, 6, 11, 4]
2021-04-02 18:47:47,472 INFO c.e.j.s.i.CalculationServiceImpl [main] func average with obj:  data: [5, 0, 4, 5]
2021-04-02 18:47:47,472 INFO c.e.j.s.i.CalculationServiceImpl [main] func sum with obj:  data: [5, 0, 4, 5]
2021-04-02 18:47:47,477 INFO c.e.j.s.i.CalculationServiceImpl [main] func average with obj:  data: [2, -6, 65, 5]
2021-04-02 18:47:47,477 INFO c.e.j.s.i.CalculationServiceImpl [main] func sum with obj:  data: [2, -6, 65, 5]
2021-04-02 18:47:47,480 INFO c.e.j.s.i.CalculationServiceImpl [main] func average with obj:  data: [2, -50, 10, 5]
2021-04-02 18:47:47,481 INFO c.e.j.s.i.CalculationServiceImpl [main] func sum with obj:  data: [2, -50, 10, 5]
2021-04-02 18:47:47,486 INFO c.e.j.s.i.CalculationServiceImpl [main] func average with obj:  data: [5, 44, 7, 5]
2021-04-02 18:47:47,487 INFO c.e.j.s.i.CalculationServiceImpl [main] func sum with obj:  data: [5, 44, 7, 5]
2021-04-02 18:47:47,493 INFO c.e.j.s.i.CalculationServiceImpl [main] func average with obj:  data: [2, 3, -44, 5]
2021-04-02 18:47:47,495 INFO c.e.j.s.i.CalculationServiceImpl [main] func sum with obj:  data: [2, 3, -44, 5]
2021-04-02 18:47:47,497 INFO c.e.j.s.i.CalculationServiceImpl [main] func average with obj:  data: [2, 48, 8, -6]
2021-04-02 18:47:47,499 INFO c.e.j.s.i.CalculationServiceImpl [main] func sum with obj:  data: [2, 48, 8, -6]
2021-04-02 18:47:47,504 INFO c.e.j.s.i.CalculationServiceImpl [main] func average with obj:  data: [2, 3, 15, 5]
2021-04-02 18:47:47,505 INFO c.e.j.s.i.CalculationServiceImpl [main] func sum with obj:  data: [2, 3, 15, 5]
2021-04-02 18:47:47,510 INFO c.e.j.s.i.CalculationServiceImpl [main] func average with obj:  data: [2, -2, 10, 5]
2021-04-02 18:47:47,513 INFO c.e.j.s.i.CalculationServiceImpl [main] func sum with obj:  data: [2, -2, 10, 5]
2021-04-02 18:47:47,526 INFO c.e.j.s.i.CalculationServiceImpl [main] func average with obj:  data: [15, 3, -50, 5]
2021-04-02 18:47:47,527 INFO c.e.j.s.i.CalculationServiceImpl [main] func sum with obj:  data: [15, 3, -50, 5]
2021-04-02 18:47:47,540 INFO c.e.j.s.i.CalculationServiceImpl [main] func numberCounter with obj:  data: [1, 6, 11, 4]
2021-04-02 18:47:47,553 INFO c.e.j.s.i.CalculationServiceImpl [main] func numberCounter with obj:  data: [5, 0, 4, 5]
2021-04-02 18:47:47,574 INFO c.e.j.s.i.CalculationServiceImpl [main] func numberCounter with obj:  data: [2, -6, 65, 5]
2021-04-02 18:47:47,582 INFO c.e.j.s.i.CalculationServiceImpl [main] func numberCounter with obj:  data: [2, -50, 10, 5]
2021-04-02 18:47:47,587 INFO c.e.j.s.i.CalculationServiceImpl [main] func numberCounter with obj:  data: [5, 44, 7, 5]
2021-04-02 18:47:47,595 INFO c.e.j.s.i.CalculationServiceImpl [main] func numberCounter with obj:  data: [2, 3, -44, 5]
2021-04-02 18:47:47,598 INFO c.e.j.s.i.CalculationServiceImpl [main] func numberCounter with obj:  data: [2, 48, 8, -6]
2021-04-02 18:47:47,604 INFO c.e.j.s.i.CalculationServiceImpl [main] func numberCounter with obj:  data: [2, 3, 15, 5]
2021-04-02 18:47:47,611 INFO c.e.j.s.i.CalculationServiceImpl [main] func numberCounter with obj:  data: [2, -2, 10, 5]
2021-04-02 18:47:47,616 INFO c.e.j.s.i.CalculationServiceImpl [main] func numberCounter with obj:  data: [15, 3, -50, 5]
2021-04-02 18:47:47,623 INFO c.e.j.s.i.CalculationServiceImpl [main] func numbersCounter with obj:  data: [1, 6, 11, 4]
2021-04-02 18:47:47,630 INFO c.e.j.s.i.CalculationServiceImpl [main] func numbersCounter with obj:  data: [5, 0, 4, 5]
2021-04-02 18:47:47,633 INFO c.e.j.s.i.CalculationServiceImpl [main] func numbersCounter with obj:  data: [2, -6, 65, 5]
2021-04-02 18:47:47,640 INFO c.e.j.s.i.CalculationServiceImpl [main] func numbersCounter with obj:  data: [2, -50, 10, 5]
2021-04-02 18:47:47,651 INFO c.e.j.s.i.CalculationServiceImpl [main] func numbersCounter with obj:  data: [5, 44, 7, 5]
2021-04-02 18:47:47,656 INFO c.e.j.s.i.CalculationServiceImpl [main] func numbersCounter with obj:  data: [2, 3, -44, 5]
2021-04-02 18:47:47,665 INFO c.e.j.s.i.CalculationServiceImpl [main] func numbersCounter with obj:  data: [2, 48, 8, -6]
2021-04-02 18:47:47,666 INFO c.e.j.s.i.CalculationServiceImpl [main] func numbersCounter with obj:  data: [2, 3, 15, 5]
2021-04-02 18:47:47,672 INFO c.e.j.s.i.CalculationServiceImpl [main] func numbersCounter with obj:  data: [2, -2, 10, 5]
2021-04-02 18:47:47,674 INFO c.e.j.s.i.CalculationServiceImpl [main] func numbersCounter with obj:  data: [15, 3, -50, 5]
2021-04-02 18:47:47,690 INFO c.e.j.s.i.CalculationServiceImpl [main] func sum with obj:  data: [1, 6, 11, 4]
2021-04-02 18:47:47,692 INFO c.e.j.s.i.CalculationServiceImpl [main] func sum with obj:  data: [5, 0, 4, 5]
2021-04-02 18:47:47,698 INFO c.e.j.s.i.CalculationServiceImpl [main] func sum with obj:  data: [2, -6, 65, 5]
2021-04-02 18:47:47,701 INFO c.e.j.s.i.CalculationServiceImpl [main] func sum with obj:  data: [2, -50, 10, 5]
2021-04-02 18:47:47,705 INFO c.e.j.s.i.CalculationServiceImpl [main] func sum with obj:  data: [5, 44, 7, 5]
2021-04-02 18:47:47,711 INFO c.e.j.s.i.CalculationServiceImpl [main] func sum with obj:  data: [2, 3, -44, 5]
2021-04-02 18:47:47,713 INFO c.e.j.s.i.CalculationServiceImpl [main] func sum with obj:  data: [2, 48, 8, -6]
2021-04-02 18:47:47,715 INFO c.e.j.s.i.CalculationServiceImpl [main] func sum with obj:  data: [2, 3, 15, 5]
2021-04-02 18:47:47,717 INFO c.e.j.s.i.CalculationServiceImpl [main] func sum with obj:  data: [2, -2, 10, 5]
2021-04-02 18:47:47,719 INFO c.e.j.s.i.CalculationServiceImpl [main] func sum with obj:  data: [1, 6, 11, 4]
2021-04-02 18:47:47,723 INFO c.e.j.s.i.CalculationServiceImpl [main] func sum with obj:  data: [5, 0, 4, 5]
2021-04-02 18:47:47,724 INFO c.e.j.s.i.CalculationServiceImpl [main] func sum with obj:  data: [2, -6, 65, 5]
2021-04-02 18:47:47,729 INFO c.e.j.s.i.CalculationServiceImpl [main] func sum with obj:  data: [2, -50, 10, 5]
2021-04-02 18:47:47,731 INFO c.e.j.s.i.CalculationServiceImpl [main] func sum with obj:  data: [5, 44, 7, 5]
2021-04-02 18:47:47,733 INFO c.e.j.s.i.CalculationServiceImpl [main] func sum with obj:  data: [2, 3, -44, 5]
2021-04-02 18:47:47,735 INFO c.e.j.s.i.CalculationServiceImpl [main] func sum with obj:  data: [2, 48, 8, -6]
2021-04-02 18:47:47,737 INFO c.e.j.s.i.CalculationServiceImpl [main] func sum with obj:  data: [2, 3, 15, 5]
2021-04-02 18:47:47,739 INFO c.e.j.s.i.CalculationServiceImpl [main] func sum with obj:  data: [2, -2, 10, 5]
